ep      0  train 4.7428/0.012  test 4.7442/0.009  elapsed 0.9s
ep    100  train 3.1807/0.258  test 6.9428/0.011  elapsed 1.5s
ep    200  train 0.0552/0.998  test 17.3302/0.072  elapsed 2.2s
ep    300  train 0.0110/1.000  test 18.5675/0.083  elapsed 2.8s
ep    400  train 0.0035/1.000  test 19.5080/0.091  elapsed 3.4s
ep    500  train 0.0012/1.000  test 20.5806/0.098  elapsed 4.1s
ep    600  train 0.0004/1.000  test 21.7125/0.103  elapsed 4.7s
ep    700  train 0.0001/1.000  test 22.8430/0.107  elapsed 5.4s
ep    800  train 0.0000/1.000  test 23.9382/0.111  elapsed 6.0s
ep    900  train 0.0000/1.000  test 24.9903/0.114  elapsed 6.6s
ep   1000  train 0.0000/1.000  test 25.9686/0.117  elapsed 7.3s
ep   1100  train 0.0000/1.000  test 26.8196/0.119  elapsed 7.9s
ep   1200  train 0.0000/1.000  test 27.4878/0.122  elapsed 8.6s
ep   1300  train 0.0000/1.000  test 27.7966/0.124  elapsed 9.2s
ep   1400  train 0.0000/1.000  test 27.7503/0.127  elapsed 9.8s
ep   1500  train 0.0000/1.000  test 27.4047/0.128  elapsed 10.5s
ep   1600  train 0.0000/1.000  test 27.0270/0.129  elapsed 10.4s
ep   1700  train 0.0000/1.000  test 26.6845/0.130  elapsed 11.1s
ep   1800  train 0.0000/1.000  test 26.3980/0.132  elapsed 11.7s
ep   1900  train 0.0000/1.000  test 26.1303/0.131  elapsed 12.4s
ep   2000  train 0.0000/1.000  test 25.8876/0.133  elapsed 13.0s
ep   2100  train 0.0000/1.000  test 25.6357/0.131  elapsed 13.6s
ep   2200  train 0.0000/1.000  test 25.2800/0.133  elapsed 14.3s
ep   2300  train 0.0896/0.993  test 23.8301/0.114  elapsed 14.9s
ep   2400  train 0.0038/1.000  test 13.0971/0.134  elapsed 15.5s
ep   2500  train 0.0109/1.000  test 10.7362/0.135  elapsed 16.2s
ep   2600  train 0.0047/1.000  test 11.8304/0.137  elapsed 16.8s
ep   2700  train 0.0018/1.000  test 13.1460/0.138  elapsed 17.5s
ep   2800  train 0.0006/1.000  test 14.4919/0.140  elapsed 18.1s
ep   2900  train 0.0002/1.000  test 15.8381/0.140  elapsed 18.7s
ep   3000  train 0.0001/1.000  test 17.1633/0.142  elapsed 19.4s
ep   3100  train 0.0000/1.000  test 18.4489/0.142  elapsed 20.0s
ep   3200  train 0.0000/1.000  test 19.6791/0.142  elapsed 20.7s
ep   3300  train 0.0000/1.000  test 20.8024/0.145  elapsed 21.3s
ep   3400  train 0.0000/1.000  test 21.7544/0.147  elapsed 21.9s
ep   3500  train 0.0000/1.000  test 22.4240/0.147  elapsed 22.6s
ep   3600  train 0.0000/1.000  test 22.7131/0.148  elapsed 23.2s
ep   3700  train 0.0000/1.000  test 22.6083/0.149  elapsed 23.9s
ep   3800  train 0.0000/1.000  test 22.2733/0.151  elapsed 24.5s
ep   3900  train 0.0000/1.000  test 21.8848/0.152  elapsed 25.1s
ep   4000  train 0.0000/1.000  test 21.5380/0.154  elapsed 25.8s
ep   4100  train 0.0000/1.000  test 21.2178/0.154  elapsed 26.4s
ep   4200  train 0.1101/0.963  test 22.2843/0.120  elapsed 27.0s
ep   4300  train 0.0022/1.000  test 11.4774/0.164  elapsed 27.7s
ep   4400  train 0.0091/1.000  test 9.0921/0.158  elapsed 28.3s
ep   4500  train 0.0041/1.000  test 9.9621/0.160  elapsed 29.0s
ep   4600  train 0.0016/1.000  test 11.0553/0.163  elapsed 29.6s
ep   4700  train 0.0006/1.000  test 12.1860/0.163  elapsed 30.2s
ep   4800  train 0.0002/1.000  test 13.3229/0.165  elapsed 30.9s
ep   4900  train 0.0001/1.000  test 14.4496/0.166  elapsed 31.5s
ep   5000  train 0.0000/1.000  test 15.5390/0.168  elapsed 32.2s
ep   5100  train 0.0000/1.000  test 16.5696/0.170  elapsed 32.8s
ep   5200  train 0.0000/1.000  test 17.5029/0.171  elapsed 33.4s
ep   5300  train 0.0000/1.000  test 18.2750/0.172  elapsed 34.1s
ep   5400  train 0.0000/1.000  test 18.7914/0.172  elapsed 34.7s
ep   5500  train 0.0000/1.000  test 19.0139/0.173  elapsed 35.4s
ep   5600  train 0.0000/1.000  test 18.9171/0.174  elapsed 36.0s
ep   5700  train 0.0000/1.000  test 18.5436/0.176  elapsed 36.6s
ep   5800  train 0.0000/1.000  test 18.1592/0.178  elapsed 37.3s
ep   5900  train 0.0000/1.000  test 17.8472/0.179  elapsed 37.9s
ep   6000  train 0.0017/1.000  test 15.0443/0.168  elapsed 38.5s
ep   6100  train 0.0045/1.000  test 8.5744/0.192  elapsed 39.2s
ep   6200  train 0.0108/1.000  test 7.4067/0.188  elapsed 39.8s
ep   6300  train 0.0046/1.000  test 8.0918/0.191  elapsed 40.5s
ep   6400  train 0.0017/1.000  test 8.8881/0.193  elapsed 41.1s
ep   6500  train 0.0006/1.000  test 9.7084/0.197  elapsed 41.8s
ep   6600  train 0.0002/1.000  test 10.5235/0.200  elapsed 42.4s
ep   6700  train 0.0001/1.000  test 11.3065/0.202  elapsed 42.4s
ep   6800  train 0.0000/1.000  test 12.0470/0.205  elapsed 43.0s
ep   6900  train 0.0000/1.000  test 12.7315/0.210  elapsed 43.6s
ep   7000  train 0.0000/1.000  test 13.3298/0.213  elapsed 44.3s
ep   7100  train 0.0000/1.000  test 13.8079/0.217  elapsed 44.9s
ep   7200  train 0.0000/1.000  test 14.1090/0.222  elapsed 45.5s
ep   7300  train 0.0000/1.000  test 14.2077/0.227  elapsed 46.2s
ep   7400  train 0.0000/1.000  test 14.1478/0.229  elapsed 46.8s
ep   7500  train 0.0000/1.000  test 13.7505/0.230  elapsed 47.5s
ep   7600  train 0.0004/1.000  test 10.3505/0.240  elapsed 48.1s
ep   7700  train 0.0034/1.000  test 6.4326/0.248  elapsed 48.7s
ep   7800  train 0.0032/1.000  test 6.2451/0.249  elapsed 49.4s
ep   7900  train 0.0012/1.000  test 6.7088/0.255  elapsed 50.0s
ep   8000  train 0.0005/1.000  test 7.1640/0.264  elapsed 50.6s
ep   8100  train 0.0002/1.000  test 7.5590/0.272  elapsed 51.3s
ep   8200  train 0.0001/1.000  test 7.8807/0.281  elapsed 51.9s
ep   8300  train 0.0000/1.000  test 8.1023/0.294  elapsed 52.6s
ep   8400  train 0.0000/1.000  test 8.2018/0.309  elapsed 53.2s
ep   8500  train 0.0000/1.000  test 8.1666/0.327  elapsed 53.9s
ep   8600  train 0.0000/1.000  test 7.9593/0.344  elapsed 54.5s
ep   8700  train 0.0000/1.000  test 7.5750/0.366  elapsed 55.1s
ep   8800  train 0.0000/1.000  test 7.0622/0.390  elapsed 55.8s
ep   8900  train 0.0000/1.000  test 6.4813/0.417  elapsed 56.4s
ep   9000  train 0.0000/1.000  test 5.8611/0.442  elapsed 57.1s
ep   9100  train 0.0005/1.000  test 3.2240/0.475  elapsed 57.7s
ep   9200  train 0.0026/1.000  test 2.3398/0.499  elapsed 58.3s
ep   9300  train 0.0012/1.000  test 2.0330/0.561  elapsed 59.0s
ep   9400  train 0.0004/1.000  test 1.6584/0.636  elapsed 59.7s
ep   9500  train 0.0001/1.000  test 1.2290/0.721  elapsed 61.1s
ep   9600  train 0.0000/1.000  test 0.8026/0.809  elapsed 62.2s
ep   9700  train 0.0000/1.000  test 0.4694/0.880  elapsed 62.8s
ep   9800  train 0.0000/1.000  test 0.2550/0.926  elapsed 63.5s
ep   9900  train 0.0000/1.000  test 0.1323/0.959  elapsed 64.1s
ep  10000  train 0.0000/1.000  test 0.0671/0.976  elapsed 64.8s
ep  10100  train 0.0000/1.000  test 0.0340/0.989  elapsed 65.4s
ep  10200  train 0.0000/1.000  test 0.0193/0.994  elapsed 66.0s
ep  10300  train 0.0000/1.000  test 0.0116/0.996  elapsed 66.7s
ep  10400  train 0.0000/1.000  test 0.0077/0.998  elapsed 67.3s
ep  10500  train 0.0000/1.000  test 0.0083/0.998  elapsed 68.0s
ep  10600  train 0.0001/1.000  test 0.0161/0.995  elapsed 68.6s
ep  10700  train 0.0011/1.000  test 0.0138/0.999  elapsed 69.2s
ep  10800  train 0.0009/1.000  test 0.0119/0.999  elapsed 69.9s
ep  10900  train 0.0003/1.000  test 0.0080/0.999  elapsed 70.5s
ep  11000  train 0.0001/1.000  test 0.0055/0.999  elapsed 71.1s
ep  11100  train 0.0000/1.000  test 0.0039/0.999  elapsed 71.8s
ep  11200  train 0.0000/1.000  test 0.0028/0.999  elapsed 72.4s
ep  11300  train 0.0000/1.000  test 0.0018/1.000  elapsed 73.1s
ep  11400  train 0.0000/1.000  test 0.0010/1.000  elapsed 73.7s
ep  11500  train 0.0000/1.000  test 0.0005/1.000  elapsed 73.6s
ep  11600  train 0.0000/1.000  test 0.0003/1.000  elapsed 74.3s
ep  11700  train 0.0000/1.000  test 0.0002/1.000  elapsed 74.9s
ep  11800  train 0.0000/1.000  test 0.0001/1.000  elapsed 75.5s
ep  11900  train 0.0000/1.000  test 0.0005/1.000  elapsed 76.2s
ep  12000  train 0.0001/1.000  test 0.0013/1.000  elapsed 76.8s
ep  12100  train 0.0003/1.000  test 0.0021/1.000  elapsed 77.5s
ep  12200  train 0.0001/1.000  test 0.0014/1.000  elapsed 78.1s
ep  12300  train 0.0000/1.000  test 0.0010/1.000  elapsed 78.7s
ep  12400  train 0.0000/1.000  test 0.0008/1.000  elapsed 79.4s
ep  12500  train 0.0000/1.000  test 0.0007/1.000  elapsed 80.0s
ep  12600  train 0.0000/1.000  test 0.0007/1.000  elapsed 80.7s
ep  12700  train 0.0000/1.000  test 0.0006/1.000  elapsed 81.3s
ep  12800  train 0.0000/1.000  test 0.0006/1.000  elapsed 81.9s
ep  12900  train 0.0000/1.000  test 0.0005/1.000  elapsed 82.6s
ep  13000  train 0.0000/1.000  test 0.0004/1.000  elapsed 83.2s
ep  13100  train 0.0000/1.000  test 0.0004/1.000  elapsed 83.9s
ep  13200  train 0.0000/1.000  test 0.0008/1.000  elapsed 84.5s
ep  13300  train 0.0003/1.000  test 0.0018/1.000  elapsed 85.1s
ep  13400  train 0.0002/1.000  test 0.0015/1.000  elapsed 85.8s
ep  13500  train 0.0001/1.000  test 0.0012/1.000  elapsed 86.4s
ep  13600  train 0.0000/1.000  test 0.0010/1.000  elapsed 87.0s
ep  13700  train 0.0000/1.000  test 0.0009/1.000  elapsed 87.7s
ep  13800  train 0.0000/1.000  test 0.0009/1.000  elapsed 88.3s
ep  13900  train 0.0000/1.000  test 0.0008/1.000  elapsed 89.0s
ep  14000  train 0.0000/1.000  test 0.0008/1.000  elapsed 89.6s
ep  14100  train 0.0000/1.000  test 0.0007/1.000  elapsed 90.2s
ep  14200  train 0.0000/1.000  test 0.0006/1.000  elapsed 90.9s
ep  14300  train 0.0000/1.000  test 0.0008/1.000  elapsed 91.5s
ep  14400  train 0.0001/1.000  test 0.0030/0.999  elapsed 92.2s
ep  14500  train 0.0004/1.000  test 0.0016/1.000  elapsed 92.8s
ep  14600  train 0.0009/1.000  test 0.0035/1.000  elapsed 93.4s
ep  14700  train 0.0003/1.000  test 0.0027/1.000  elapsed 94.1s
ep  14800  train 0.0001/1.000  test 0.0022/1.000  elapsed 94.7s
ep  14900  train 0.0000/1.000  test 0.0018/1.000  elapsed 95.4s
ep  15000  train 0.0000/1.000  test 0.0016/0.999  elapsed 96.0s
ep  15100  train 0.0000/1.000  test 0.0014/1.000  elapsed 96.6s
ep  15200  train 0.0000/1.000  test 0.0012/1.000  elapsed 97.3s
ep  15300  train 0.0000/1.000  test 0.0009/1.000  elapsed 97.9s
ep  15400  train 0.0000/1.000  test 0.0006/1.000  elapsed 98.6s
ep  15500  train 0.0000/1.000  test 0.0003/1.000  elapsed 99.2s
ep  15600  train 0.0000/1.000  test 0.0002/1.000  elapsed 99.8s
ep  15700  train 0.0000/1.000  test 0.0001/1.000  elapsed 100.5s
ep  15800  train 0.0001/1.000  test 0.0016/1.000  elapsed 101.1s
ep  15900  train 0.0003/1.000  test 0.0014/1.000  elapsed 101.8s
ep  16000  train 0.0001/1.000  test 0.0011/1.000  elapsed 102.4s
ep  16100  train 0.0000/1.000  test 0.0008/1.000  elapsed 103.0s
ep  16200  train 0.0000/1.000  test 0.0006/1.000  elapsed 103.7s
ep  16300  train 0.0000/1.000  test 0.0004/1.000  elapsed 104.3s
ep  16400  train 0.0000/1.000  test 0.0003/1.000  elapsed 105.0s
ep  16500  train 0.0000/1.000  test 0.0003/1.000  elapsed 105.6s
ep  16600  train 0.0000/1.000  test 0.0002/1.000  elapsed 105.6s
ep  16700  train 0.0000/1.000  test 0.0001/1.000  elapsed 106.2s
ep  16800  train 0.0000/1.000  test 0.0001/1.000  elapsed 106.8s
ep  16900  train 0.0000/1.000  test 0.0001/1.000  elapsed 107.5s
ep  17000  train 0.0001/1.000  test 0.0007/1.000  elapsed 108.1s
ep  17100  train 0.0005/1.000  test 0.0015/1.000  elapsed 108.7s
ep  17200  train 0.0003/1.000  test 0.0014/1.000  elapsed 109.4s
ep  17300  train 0.0001/1.000  test 0.0009/1.000  elapsed 110.0s
ep  17400  train 0.0000/1.000  test 0.0006/1.000  elapsed 110.7s
ep  17500  train 0.0000/1.000  test 0.0005/1.000  elapsed 111.3s
ep  17600  train 0.0000/1.000  test 0.0004/1.000  elapsed 111.9s
ep  17700  train 0.0000/1.000  test 0.0003/1.000  elapsed 112.6s
ep  17800  train 0.0000/1.000  test 0.0002/1.000  elapsed 113.2s
ep  17900  train 0.0000/1.000  test 0.0001/1.000  elapsed 113.9s
ep  18000  train 0.0000/1.000  test 0.0001/1.000  elapsed 114.5s
ep  18100  train 0.0000/1.000  test 0.0000/1.000  elapsed 115.1s
ep  18200  train 0.0001/1.000  test 0.0021/0.999  elapsed 115.8s
ep  18300  train 0.0001/1.000  test 0.0008/1.000  elapsed 116.4s
ep  18400  train 0.0007/1.000  test 0.0019/1.000  elapsed 117.1s
ep  18500  train 0.0003/1.000  test 0.0012/1.000  elapsed 117.7s
ep  18600  train 0.0001/1.000  test 0.0007/1.000  elapsed 118.3s
ep  18700  train 0.0000/1.000  test 0.0004/1.000  elapsed 119.0s
ep  18800  train 0.0000/1.000  test 0.0003/1.000  elapsed 119.6s
ep  18900  train 0.0000/1.000  test 0.0002/1.000  elapsed 120.3s
ep  19000  train 0.0000/1.000  test 0.0001/1.000  elapsed 120.9s
ep  19100  train 0.0000/1.000  test 0.0001/1.000  elapsed 121.6s
ep  19200  train 0.0000/1.000  test 0.0000/1.000  elapsed 122.2s
ep  19300  train 0.0000/1.000  test 0.0000/1.000  elapsed 122.8s
ep  19400  train 0.0000/1.000  test 0.0000/1.000  elapsed 123.5s
ep  19500  train 0.0015/1.000  test 0.0160/0.995  elapsed 124.1s
ep  19600  train 0.0004/1.000  test 0.0010/1.000  elapsed 124.8s
ep  19700  train 0.0012/1.000  test 0.0025/1.000  elapsed 125.4s
ep  19800  train 0.0005/1.000  test 0.0015/1.000  elapsed 126.0s
ep  19900  train 0.0002/1.000  test 0.0009/1.000  elapsed 126.7s
ep  20000  train 0.0001/1.000  test 0.0008/1.000  elapsed 127.3s
ep  20100  train 0.0000/1.000  test 0.0009/1.000  elapsed 128.0s
ep  20200  train 0.0000/1.000  test 0.0009/1.000  elapsed 128.6s
ep  20300  train 0.0000/1.000  test 0.0008/1.000  elapsed 129.2s
ep  20400  train 0.0000/1.000  test 0.0008/1.000  elapsed 129.9s
ep  20500  train 0.0000/1.000  test 0.0007/1.000  elapsed 130.5s
ep  20600  train 0.0000/1.000  test 0.0006/1.000  elapsed 131.1s
ep  20700  train 0.0000/1.000  test 0.0003/1.000  elapsed 131.8s
ep  20800  train 0.0000/1.000  test 0.0002/1.000  elapsed 132.4s
ep  20900  train 0.0001/1.000  test 0.0042/0.999  elapsed 133.1s
ep  21000  train 0.0003/1.000  test 0.0017/1.000  elapsed 133.7s
ep  21100  train 0.0007/1.000  test 0.0020/1.000  elapsed 134.3s
ep  21200  train 0.0002/1.000  test 0.0011/1.000  elapsed 135.0s
ep  21300  train 0.0001/1.000  test 0.0007/1.000  elapsed 135.6s
ep  21400  train 0.0000/1.000  test 0.0005/1.000  elapsed 136.3s
ep  21500  train 0.0000/1.000  test 0.0003/1.000  elapsed 136.9s
ep  21600  train 0.0000/1.000  test 0.0002/1.000  elapsed 137.5s
ep  21700  train 0.0000/1.000  test 0.0002/1.000  elapsed 137.5s
ep  21800  train 0.0000/1.000  test 0.0001/1.000  elapsed 138.1s
ep  21900  train 0.0000/1.000  test 0.0001/1.000  elapsed 138.7s
ep  22000  train 0.0000/1.000  test 0.0000/1.000  elapsed 139.4s
ep  22100  train 0.0000/1.000  test 0.0000/1.000  elapsed 140.0s
ep  22200  train 0.0050/0.998  test 0.0227/0.992  elapsed 140.7s
ep  22300  train 0.0004/1.000  test 0.0013/1.000  elapsed 141.3s
ep  22400  train 0.0018/1.000  test 0.0036/1.000  elapsed 141.9s
ep  22500  train 0.0008/1.000  test 0.0023/1.000  elapsed 142.6s
ep  22600  train 0.0003/1.000  test 0.0013/1.000  elapsed 143.2s
ep  22700  train 0.0001/1.000  test 0.0009/1.000  elapsed 143.8s
ep  22800  train 0.0000/1.000  test 0.0006/1.000  elapsed 144.5s
ep  22900  train 0.0000/1.000  test 0.0005/1.000  elapsed 145.1s
ep  23000  train 0.0000/1.000  test 0.0004/1.000  elapsed 145.7s
ep  23100  train 0.0000/1.000  test 0.0003/1.000  elapsed 146.4s
ep  23200  train 0.0000/1.000  test 0.0002/1.000  elapsed 147.0s
ep  23300  train 0.0000/1.000  test 0.0001/1.000  elapsed 147.6s
ep  23400  train 0.0000/1.000  test 0.0001/1.000  elapsed 148.3s
ep  23500  train 0.0000/1.000  test 0.0000/1.000  elapsed 148.9s
ep  23600  train 0.0009/1.000  test 0.0044/0.999  elapsed 149.5s
ep  23700  train 0.0005/1.000  test 0.0015/1.000  elapsed 150.2s
ep  23800  train 0.0009/1.000  test 0.0025/1.000  elapsed 150.8s
ep  23900  train 0.0004/1.000  test 0.0016/1.000  elapsed 151.4s
ep  24000  train 0.0001/1.000  test 0.0012/1.000  elapsed 152.1s
ep  24100  train 0.0000/1.000  test 0.0010/1.000  elapsed 152.7s
ep  24200  train 0.0000/1.000  test 0.0008/1.000  elapsed 153.4s
ep  24300  train 0.0000/1.000  test 0.0007/1.000  elapsed 154.0s
ep  24400  train 0.0000/1.000  test 0.0005/1.000  elapsed 154.6s
ep  24500  train 0.0000/1.000  test 0.0004/1.000  elapsed 155.3s
ep  24600  train 0.0000/1.000  test 0.0003/1.000  elapsed 155.9s
ep  24700  train 0.0000/1.000  test 0.0002/1.000  elapsed 156.5s
ep  24800  train 0.0000/1.000  test 0.0001/1.000  elapsed 157.2s
ep  24900  train 0.0000/1.000  test 0.0001/1.000  elapsed 157.8s
ep  25000  train 0.0001/1.000  test 0.0009/1.000  elapsed 158.4s
ep  25100  train 0.0008/1.000  test 0.0022/1.000  elapsed 159.1s
ep  25200  train 0.0006/1.000  test 0.0023/1.000  elapsed 159.7s
ep  25300  train 0.0002/1.000  test 0.0016/1.000  elapsed 160.3s
ep  25400  train 0.0001/1.000  test 0.0011/1.000  elapsed 161.0s
ep  25500  train 0.0000/1.000  test 0.0008/1.000  elapsed 161.6s
ep  25600  train 0.0000/1.000  test 0.0006/1.000  elapsed 162.2s
ep  25700  train 0.0000/1.000  test 0.0005/1.000  elapsed 162.9s
ep  25800  train 0.0000/1.000  test 0.0004/1.000  elapsed 163.5s
ep  25900  train 0.0000/1.000  test 0.0002/1.000  elapsed 164.1s
ep  26000  train 0.0000/1.000  test 0.0001/1.000  elapsed 164.8s
ep  26100  train 0.0000/1.000  test 0.0000/1.000  elapsed 165.4s
ep  26200  train 0.0000/1.000  test 0.0000/1.000  elapsed 166.1s
ep  26300  train 0.0002/1.000  test 0.0078/0.998  elapsed 166.7s
ep  26400  train 0.0001/1.000  test 0.0004/1.000  elapsed 167.3s
ep  26500  train 0.0002/1.000  test 0.0007/1.000  elapsed 168.0s
ep  26600  train 0.0001/1.000  test 0.0006/1.000  elapsed 168.6s
ep  26700  train 0.0000/1.000  test 0.0004/1.000  elapsed 169.2s
ep  26800  train 0.0000/1.000  test 0.0002/1.000  elapsed 169.2s
ep  26900  train 0.0000/1.000  test 0.0001/1.000  elapsed 169.8s
ep  27000  train 0.0000/1.000  test 0.0000/1.000  elapsed 170.4s
ep  27100  train 0.0000/1.000  test 0.0000/1.000  elapsed 171.1s
ep  27200  train 0.0000/1.000  test 0.0000/1.000  elapsed 171.7s
ep  27300  train 0.0000/1.000  test 0.0000/1.000  elapsed 172.3s
ep  27400  train 0.0000/1.000  test 0.0000/1.000  elapsed 173.0s
ep  27500  train 0.0001/1.000  test 0.0007/1.000  elapsed 173.6s
ep  27600  train 0.0012/1.000  test 0.0020/1.000  elapsed 174.2s
ep  27700  train 0.0008/1.000  test 0.0017/1.000  elapsed 174.9s
ep  27800  train 0.0003/1.000  test 0.0010/1.000  elapsed 175.5s
ep  27900  train 0.0001/1.000  test 0.0007/1.000  elapsed 176.1s
ep  28000  train 0.0000/1.000  test 0.0004/1.000  elapsed 176.8s
ep  28100  train 0.0000/1.000  test 0.0003/1.000  elapsed 177.4s
ep  28200  train 0.0000/1.000  test 0.0002/1.000  elapsed 178.0s
ep  28300  train 0.0000/1.000  test 0.0001/1.000  elapsed 178.7s
ep  28400  train 0.0000/1.000  test 0.0001/1.000  elapsed 179.3s
ep  28500  train 0.0000/1.000  test 0.0001/1.000  elapsed 179.9s
ep  28600  train 0.0000/1.000  test 0.0000/1.000  elapsed 180.6s
ep  28700  train 0.0000/1.000  test 0.0000/1.000  elapsed 181.2s
ep  28800  train 0.0002/1.000  test 0.0029/0.999  elapsed 181.8s
ep  28900  train 0.0002/1.000  test 0.0005/1.000  elapsed 182.5s
ep  29000  train 0.0002/1.000  test 0.0008/1.000  elapsed 183.1s
ep  29100  train 0.0001/1.000  test 0.0004/1.000  elapsed 183.7s
ep  29200  train 0.0000/1.000  test 0.0002/1.000  elapsed 184.4s
ep  29300  train 0.0000/1.000  test 0.0001/1.000  elapsed 185.0s
ep  29400  train 0.0000/1.000  test 0.0001/1.000  elapsed 185.6s
ep  29500  train 0.0000/1.000  test 0.0000/1.000  elapsed 186.3s
ep  29600  train 0.0000/1.000  test 0.0000/1.000  elapsed 186.9s
ep  29700  train 0.0000/1.000  test 0.0000/1.000  elapsed 187.5s
ep  29800  train 0.0000/1.000  test 0.0000/1.000  elapsed 188.2s
ep  29900  train 0.0000/1.000  test 0.0000/1.000  elapsed 188.8s
ep  30000  train 0.0002/1.000  test 0.0061/0.999  elapsed 189.4s
ep  30100  train 0.0005/1.000  test 0.0013/1.000  elapsed 190.1s
ep  30200  train 0.0008/1.000  test 0.0017/1.000  elapsed 190.7s
ep  30300  train 0.0003/1.000  test 0.0010/1.000  elapsed 191.3s
ep  30400  train 0.0001/1.000  test 0.0005/1.000  elapsed 192.0s
ep  30500  train 0.0000/1.000  test 0.0003/1.000  elapsed 192.6s
ep  30600  train 0.0000/1.000  test 0.0002/1.000  elapsed 193.2s
ep  30700  train 0.0000/1.000  test 0.0001/1.000  elapsed 193.9s
ep  30800  train 0.0000/1.000  test 0.0001/1.000  elapsed 194.5s
ep  30900  train 0.0000/1.000  test 0.0000/1.000  elapsed 195.1s
ep  31000  train 0.0000/1.000  test 0.0000/1.000  elapsed 195.8s
ep  31100  train 0.0000/1.000  test 0.0000/1.000  elapsed 196.4s
ep  31200  train 0.0000/1.000  test 0.0000/1.000  elapsed 197.1s
ep  31300  train 0.0003/1.000  test 0.0056/0.999  elapsed 197.7s
ep  31400  train 0.0001/1.000  test 0.0004/1.000  elapsed 198.3s
ep  31500  train 0.0002/1.000  test 0.0006/1.000  elapsed 199.0s
ep  31600  train 0.0001/1.000  test 0.0004/1.000  elapsed 199.6s
ep  31700  train 0.0000/1.000  test 0.0003/1.000  elapsed 200.2s
ep  31800  train 0.0000/1.000  test 0.0002/1.000  elapsed 200.8s
ep  31900  train 0.0000/1.000  test 0.0002/1.000  elapsed 200.8s
ep  32000  train 0.0000/1.000  test 0.0001/1.000  elapsed 201.4s
ep  32100  train 0.0000/1.000  test 0.0001/1.000  elapsed 202.1s
ep  32200  train 0.0000/1.000  test 0.0001/1.000  elapsed 202.7s
ep  32300  train 0.0000/1.000  test 0.0000/1.000  elapsed 203.3s
ep  32400  train 0.0000/1.000  test 0.0000/1.000  elapsed 204.0s
ep  32500  train 0.0000/1.000  test 0.0009/1.000  elapsed 204.6s
ep  32600  train 0.0003/1.000  test 0.0007/1.000  elapsed 205.2s
ep  32700  train 0.0003/1.000  test 0.0008/1.000  elapsed 205.9s
ep  32800  train 0.0001/1.000  test 0.0004/1.000  elapsed 206.5s
ep  32900  train 0.0000/1.000  test 0.0002/1.000  elapsed 207.1s
ep  33000  train 0.0000/1.000  test 0.0001/1.000  elapsed 207.8s
ep  33100  train 0.0000/1.000  test 0.0001/1.000  elapsed 208.4s
ep  33200  train 0.0000/1.000  test 0.0001/1.000  elapsed 209.0s
ep  33300  train 0.0000/1.000  test 0.0000/1.000  elapsed 209.7s
ep  33400  train 0.0000/1.000  test 0.0000/1.000  elapsed 210.3s
ep  33500  train 0.0000/1.000  test 0.0000/1.000  elapsed 210.9s
ep  33600  train 0.0000/1.000  test 0.0000/1.000  elapsed 211.6s
ep  33700  train 0.0001/1.000  test 0.0043/0.999  elapsed 212.2s
ep  33800  train 0.0006/1.000  test 0.0012/1.000  elapsed 212.8s
ep  33900  train 0.0009/1.000  test 0.0018/1.000  elapsed 213.5s
ep  34000  train 0.0003/1.000  test 0.0010/1.000  elapsed 214.1s
ep  34100  train 0.0001/1.000  test 0.0007/1.000  elapsed 214.8s
ep  34200  train 0.0000/1.000  test 0.0005/1.000  elapsed 215.4s
ep  34300  train 0.0000/1.000  test 0.0004/1.000  elapsed 216.0s
ep  34400  train 0.0000/1.000  test 0.0003/1.000  elapsed 216.7s
ep  34500  train 0.0000/1.000  test 0.0002/1.000  elapsed 217.3s
ep  34600  train 0.0000/1.000  test 0.0002/1.000  elapsed 217.9s
ep  34700  train 0.0000/1.000  test 0.0001/1.000  elapsed 218.6s
ep  34800  train 0.0000/1.000  test 0.0000/1.000  elapsed 219.2s
ep  34900  train 0.0000/1.000  test 0.0000/1.000  elapsed 219.8s
ep  35000  train 0.0025/1.000  test 0.0136/0.996  elapsed 220.5s
ep  35100  train 0.0004/1.000  test 0.0014/1.000  elapsed 221.1s
ep  35200  train 0.0013/1.000  test 0.0027/1.000  elapsed 221.8s
ep  35300  train 0.0005/1.000  test 0.0016/1.000  elapsed 222.4s
ep  35400  train 0.0002/1.000  test 0.0009/1.000  elapsed 223.0s
ep  35500  train 0.0001/1.000  test 0.0006/1.000  elapsed 223.7s
ep  35600  train 0.0000/1.000  test 0.0004/1.000  elapsed 224.3s
ep  35700  train 0.0000/1.000  test 0.0003/1.000  elapsed 225.0s
ep  35800  train 0.0000/1.000  test 0.0002/1.000  elapsed 225.6s
ep  35900  train 0.0000/1.000  test 0.0001/1.000  elapsed 226.2s
ep  36000  train 0.0000/1.000  test 0.0001/1.000  elapsed 226.9s
ep  36100  train 0.0000/1.000  test 0.0001/1.000  elapsed 227.5s
ep  36200  train 0.0000/1.000  test 0.0000/1.000  elapsed 228.1s
ep  36300  train 0.0000/1.000  test 0.0000/1.000  elapsed 228.8s
ep  36400  train 0.0001/1.000  test 0.0007/1.000  elapsed 229.4s
ep  36500  train 0.0009/1.000  test 0.0021/1.000  elapsed 230.0s
ep  36600  train 0.0006/1.000  test 0.0016/1.000  elapsed 230.7s
ep  36700  train 0.0002/1.000  test 0.0009/1.000  elapsed 231.3s
ep  36800  train 0.0001/1.000  test 0.0006/1.000  elapsed 232.0s
ep  36900  train 0.0000/1.000  test 0.0004/1.000  elapsed 232.6s
ep  37000  train 0.0000/1.000  test 0.0003/1.000  elapsed 232.5s
ep  37100  train 0.0000/1.000  test 0.0002/1.000  elapsed 233.1s
ep  37200  train 0.0000/1.000  test 0.0001/1.000  elapsed 233.8s
ep  37300  train 0.0000/1.000  test 0.0001/1.000  elapsed 234.4s
ep  37400  train 0.0000/1.000  test 0.0000/1.000  elapsed 235.0s
ep  37500  train 0.0000/1.000  test 0.0000/1.000  elapsed 235.7s
ep  37600  train 0.0000/1.000  test 0.0000/1.000  elapsed 236.3s
ep  37700  train 0.0001/1.000  test 0.0033/0.999  elapsed 236.9s
ep  37800  train 0.0007/1.000  test 0.0014/1.000  elapsed 237.6s
ep  37900  train 0.0009/1.000  test 0.0020/1.000  elapsed 238.2s
ep  38000  train 0.0003/1.000  test 0.0013/1.000  elapsed 238.8s
ep  38100  train 0.0001/1.000  test 0.0009/1.000  elapsed 239.5s
ep  38200  train 0.0000/1.000  test 0.0007/1.000  elapsed 240.1s
ep  38300  train 0.0000/1.000  test 0.0006/1.000  elapsed 240.7s
ep  38400  train 0.0000/1.000  test 0.0005/1.000  elapsed 241.4s
ep  38500  train 0.0000/1.000  test 0.0004/1.000  elapsed 242.0s
ep  38600  train 0.0000/1.000  test 0.0003/1.000  elapsed 242.6s
ep  38700  train 0.0000/1.000  test 0.0002/1.000  elapsed 243.3s
ep  38800  train 0.0000/1.000  test 0.0001/1.000  elapsed 243.9s
ep  38900  train 0.0000/1.000  test 0.0001/1.000  elapsed 244.5s
ep  39000  train 0.0549/0.979  test 0.0925/0.968  elapsed 245.2s
ep  39100  train 0.0003/1.000  test 0.0016/1.000  elapsed 245.8s
ep  39200  train 0.0014/1.000  test 0.0027/1.000  elapsed 246.4s
ep  39300  train 0.0007/1.000  test 0.0019/1.000  elapsed 247.1s
ep  39400  train 0.0003/1.000  test 0.0011/1.000  elapsed 247.7s
ep  39500  train 0.0001/1.000  test 0.0007/1.000  elapsed 248.3s
ep  39600  train 0.0000/1.000  test 0.0005/1.000  elapsed 249.0s
ep  39700  train 0.0000/1.000  test 0.0003/1.000  elapsed 249.6s
ep  39800  train 0.0000/1.000  test 0.0002/1.000  elapsed 250.2s
ep  39900  train 0.0000/1.000  test 0.0002/1.000  elapsed 250.9s
ep  40000  train 0.0000/1.000  test 0.0001/1.000  elapsed 251.5s
ep  40100  train 0.0000/1.000  test 0.0001/1.000  elapsed 252.1s
ep  40200  train 0.0000/1.000  test 0.0001/1.000  elapsed 252.8s
ep  40300  train 0.0000/1.000  test 0.0000/1.000  elapsed 253.4s
ep  40400  train 0.0001/1.000  test 0.0010/1.000  elapsed 254.0s
ep  40500  train 0.0005/1.000  test 0.0010/1.000  elapsed 254.7s
ep  40600  train 0.0004/1.000  test 0.0011/1.000  elapsed 255.3s
ep  40700  train 0.0002/1.000  test 0.0006/1.000  elapsed 255.9s
ep  40800  train 0.0001/1.000  test 0.0004/1.000  elapsed 256.6s
ep  40900  train 0.0000/1.000  test 0.0003/1.000  elapsed 257.2s
ep  41000  train 0.0000/1.000  test 0.0003/1.000  elapsed 257.8s
ep  41100  train 0.0000/1.000  test 0.0003/1.000  elapsed 258.5s
ep  41200  train 0.0000/1.000  test 0.0003/1.000  elapsed 259.1s
ep  41300  train 0.0000/1.000  test 0.0002/1.000  elapsed 259.7s
ep  41400  train 0.0000/1.000  test 0.0002/1.000  elapsed 260.4s
ep  41500  train 0.0000/1.000  test 0.0001/1.000  elapsed 261.0s
ep  41600  train 0.0000/1.000  test 0.0000/1.000  elapsed 261.7s
ep  41700  train 0.0001/1.000  test 0.0025/0.999  elapsed 262.3s
ep  41800  train 0.0006/1.000  test 0.0013/1.000  elapsed 262.9s
ep  41900  train 0.0005/1.000  test 0.0012/1.000  elapsed 263.6s
ep  42000  train 0.0002/1.000  test 0.0007/1.000  elapsed 264.2s
ep  42100  train 0.0001/1.000  test 0.0004/1.000  elapsed 264.2s
ep  42200  train 0.0000/1.000  test 0.0002/1.000  elapsed 264.8s
ep  42300  train 0.0000/1.000  test 0.0002/1.000  elapsed 265.5s
ep  42400  train 0.0000/1.000  test 0.0001/1.000  elapsed 266.1s
ep  42500  train 0.0000/1.000  test 0.0001/1.000  elapsed 266.8s
ep  42600  train 0.0000/1.000  test 0.0001/1.000  elapsed 267.4s
ep  42700  train 0.0000/1.000  test 0.0001/1.000  elapsed 268.0s
ep  42800  train 0.0000/1.000  test 0.0000/1.000  elapsed 268.7s
ep  42900  train 0.0000/1.000  test 0.0000/1.000  elapsed 269.3s
ep  43000  train 0.0001/1.000  test 0.0020/0.999  elapsed 269.9s
ep  43100  train 0.0006/1.000  test 0.0013/1.000  elapsed 270.6s
ep  43200  train 0.0007/1.000  test 0.0017/1.000  elapsed 271.2s
ep  43300  train 0.0003/1.000  test 0.0011/1.000  elapsed 271.9s
ep  43400  train 0.0001/1.000  test 0.0007/1.000  elapsed 272.5s
ep  43500  train 0.0000/1.000  test 0.0006/1.000  elapsed 273.1s
ep  43600  train 0.0000/1.000  test 0.0005/1.000  elapsed 273.8s
ep  43700  train 0.0000/1.000  test 0.0004/1.000  elapsed 274.4s
ep  43800  train 0.0000/1.000  test 0.0003/1.000  elapsed 275.0s
ep  43900  train 0.0000/1.000  test 0.0002/1.000  elapsed 275.7s
ep  44000  train 0.0000/1.000  test 0.0001/1.000  elapsed 276.3s
ep  44100  train 0.0000/1.000  test 0.0001/1.000  elapsed 276.9s
ep  44200  train 0.0000/1.000  test 0.0000/1.000  elapsed 277.6s
ep  44300  train 0.0001/1.000  test 0.0041/0.999  elapsed 278.2s
ep  44400  train 0.0005/1.000  test 0.0011/1.000  elapsed 278.8s
ep  44500  train 0.0005/1.000  test 0.0013/1.000  elapsed 279.5s
ep  44600  train 0.0002/1.000  test 0.0008/1.000  elapsed 280.1s
ep  44700  train 0.0001/1.000  test 0.0005/1.000  elapsed 280.7s
ep  44800  train 0.0000/1.000  test 0.0003/1.000  elapsed 281.4s
ep  44900  train 0.0000/1.000  test 0.0002/1.000  elapsed 282.0s
ep  45000  train 0.0000/1.000  test 0.0001/1.000  elapsed 282.6s
ep  45100  train 0.0000/1.000  test 0.0001/1.000  elapsed 283.3s
ep  45200  train 0.0000/1.000  test 0.0000/1.000  elapsed 283.9s
ep  45300  train 0.0000/1.000  test 0.0000/1.000  elapsed 284.5s
ep  45400  train 0.0000/1.000  test 0.0000/1.000  elapsed 285.2s
ep  45500  train 0.0000/1.000  test 0.0000/1.000  elapsed 285.8s
ep  45600  train 0.0002/1.000  test 0.0036/0.999  elapsed 286.5s
ep  45700  train 0.0007/1.000  test 0.0014/1.000  elapsed 287.1s
ep  45800  train 0.0014/1.000  test 0.0028/1.000  elapsed 287.8s
ep  45900  train 0.0006/1.000  test 0.0016/1.000  elapsed 288.5s
ep  46000  train 0.0002/1.000  test 0.0009/1.000  elapsed 289.1s
ep  46100  train 0.0001/1.000  test 0.0006/1.000  elapsed 289.8s
ep  46200  train 0.0000/1.000  test 0.0004/1.000  elapsed 290.4s
ep  46300  train 0.0000/1.000  test 0.0003/1.000  elapsed 291.0s
ep  46400  train 0.0000/1.000  test 0.0002/1.000  elapsed 291.7s
ep  46500  train 0.0000/1.000  test 0.0002/1.000  elapsed 292.3s
ep  46600  train 0.0000/1.000  test 0.0001/1.000  elapsed 292.9s
ep  46700  train 0.0000/1.000  test 0.0001/1.000  elapsed 293.6s
ep  46800  train 0.0000/1.000  test 0.0000/1.000  elapsed 294.2s
ep  46900  train 0.0000/1.000  test 0.0000/1.000  elapsed 294.8s
ep  47000  train 0.0001/1.000  test 0.0005/1.000  elapsed 295.5s
ep  47100  train 0.0006/1.000  test 0.0013/1.000  elapsed 296.1s
ep  47200  train 0.0002/1.000  test 0.0009/1.000  elapsed 296.0s
ep  47300  train 0.0001/1.000  test 0.0006/1.000  elapsed 296.6s
ep  47400  train 0.0000/1.000  test 0.0004/1.000  elapsed 297.2s
ep  47500  train 0.0000/1.000  test 0.0003/1.000  elapsed 297.9s
ep  47600  train 0.0000/1.000  test 0.0002/1.000  elapsed 298.5s
ep  47700  train 0.0000/1.000  test 0.0002/1.000  elapsed 299.1s
ep  47800  train 0.0000/1.000  test 0.0001/1.000  elapsed 299.8s
ep  47900  train 0.0000/1.000  test 0.0001/1.000  elapsed 300.4s
ep  48000  train 0.0000/1.000  test 0.0000/1.000  elapsed 301.0s
ep  48100  train 0.0000/1.000  test 0.0000/1.000  elapsed 301.7s
ep  48200  train 0.0184/0.992  test 0.0351/0.987  elapsed 302.3s
ep  48300  train 0.0001/1.000  test 0.0005/1.000  elapsed 303.0s
ep  48400  train 0.0004/1.000  test 0.0009/1.000  elapsed 303.6s
ep  48500  train 0.0002/1.000  test 0.0005/1.000  elapsed 304.2s
ep  48600  train 0.0001/1.000  test 0.0003/1.000  elapsed 304.9s
ep  48700  train 0.0000/1.000  test 0.0002/1.000  elapsed 305.5s
ep  48800  train 0.0000/1.000  test 0.0001/1.000  elapsed 306.1s
ep  48900  train 0.0000/1.000  test 0.0001/1.000  elapsed 306.8s
ep  49000  train 0.0000/1.000  test 0.0000/1.000  elapsed 307.4s
ep  49100  train 0.0000/1.000  test 0.0000/1.000  elapsed 308.0s
ep  49200  train 0.0000/1.000  test 0.0000/1.000  elapsed 308.7s
ep  49300  train 0.0000/1.000  test 0.0000/1.000  elapsed 309.3s
ep  49400  train 0.0000/1.000  test 0.0000/1.000  elapsed 309.9s
ep  49500  train 0.0001/1.000  test 0.0014/1.000  elapsed 310.6s
ep  49600  train 0.0010/1.000  test 0.0017/1.000  elapsed 311.2s
ep  49700  train 0.0008/1.000  test 0.0017/1.000  elapsed 311.9s
ep  49800  train 0.0003/1.000  test 0.0008/1.000  elapsed 312.5s
ep  49900  train 0.0001/1.000  test 0.0004/1.000  elapsed 313.1s
ep  49999  train 0.0000/1.000  test 0.0002/1.000  elapsed 313.8s
[done] out_dir=/mnt/c/Users/yesul.min/work/SWAI/Y1S2_2026Spring/DeepLearning/Deep-learning-Term-project/results/grokking/run_20260524_012428  wall=313.8s
